<?xml version="1.0" encoding="UTF-8"?>
<!-- Generated by org.testng.reporters.JUnitReportReporter -->
<testsuite skipped="0" hostname="DESKTOP-IHLV58M" name="org.example.testRunner.runners" tests="21" failures="2" timestamp="2022-07-15T17:19:09 EET" time="383.767" errors="1">
  <testcase name="runScenario" time="22.830" classname="org.example.testRunner.runners"/>
  <system-out/>
  <testcase name="runScenario" time="15.157" classname="org.example.testRunner.runners"/>
  <system-out/>
  <testcase name="runScenario" time="13.332" classname="org.example.testRunner.runners">
    <error type="java.lang.IndexOutOfBoundsException" message="Index: 1, Size: 1">
      <![CDATA[java.lang.IndexOutOfBoundsException: Index: 1, Size: 1
at java.util.ArrayList.rangeCheck(ArrayList.java:659)
at java.util.ArrayList.get(ArrayList.java:435)
at org.example.stepDefs.D09_followUsStepDef.checkTaps(D09_followUsStepDef.java:32)
at ✽."https://demo.nopcommerce.com/new-online-store-is-open" is opened in a new tab(file:///C:/Users/Ibtsam%20Farouk/IdeaProjects/demonopcommerce/src/main/resources/features/F09_followUs.feature:14)
]]>
    </error>
  </testcase> <!-- runScenario -->
  <system-out/>
  <testcase name="runScenario" time="14.411" classname="org.example.testRunner.runners"/>
  <system-out/>
  <testcase name="runScenario" time="22.610" classname="org.example.testRunner.runners"/>
  <system-out/>
  <testcase name="runScenario" time="16.927" classname="org.example.testRunner.runners">
    <failure type="java.lang.AssertionError" message="Wrong direction! Bug Dedected! expected [https://demo.nopcommerce.com/iphone-6] but found [https://demo.nopcommerce.com/]">
      <![CDATA[java.lang.AssertionError: Wrong direction! Bug Dedected! expected [https://demo.nopcommerce.com/iphone-6] but found [https://demo.nopcommerce.com/]
at org.testng.Assert.fail(Assert.java:110)
at org.testng.Assert.failNotEquals(Assert.java:1413)
at org.testng.Assert.assertEqualsImpl(Assert.java:149)
at org.testng.Assert.assertEquals(Assert.java:131)
at org.testng.Assert.assertEquals(Assert.java:655)
at org.example.stepDefs.D08_SliderNavigation.checkNavigation(D08_SliderNavigation.java:16)
at ✽.The page should be navigated to the expected URL "https://demo.nopcommerce.com/iphone-6"(file:///C:/Users/Ibtsam%20Farouk/IdeaProjects/demonopcommerce/src/main/resources/features/F08_Slider.feature:11)
]]>
    </failure>
  </testcase> <!-- runScenario -->
  <system-out/>
  <testcase name="runScenario" time="13.553" classname="org.example.testRunner.runners"/>
  <system-out/>
  <testcase name="runScenario" time="32.921" classname="org.example.testRunner.runners"/>
  <system-out/>
  <testcase name="runScenario" time="10.379" classname="org.example.testRunner.runners">
    <failure type="java.lang.AssertionError" message="Wrong direction! Bug Dedected! expected [https://demo.nopcommerce.com/nokia-lumia-1020] but found [https://demo.nopcommerce.com/]">
      <![CDATA[java.lang.AssertionError: Wrong direction! Bug Dedected! expected [https://demo.nopcommerce.com/nokia-lumia-1020] but found [https://demo.nopcommerce.com/]
at org.testng.Assert.fail(Assert.java:110)
at org.testng.Assert.failNotEquals(Assert.java:1413)
at org.testng.Assert.assertEqualsImpl(Assert.java:149)
at org.testng.Assert.assertEquals(Assert.java:131)
at org.testng.Assert.assertEquals(Assert.java:655)
at org.example.stepDefs.D08_SliderNavigation.checkNavigation(D08_SliderNavigation.java:16)
at ✽.The page should be navigated to the expected URL "https://demo.nopcommerce.com/nokia-lumia-1020"(file:///C:/Users/Ibtsam%20Farouk/IdeaProjects/demonopcommerce/src/main/resources/features/F08_Slider.feature:6)
]]>
    </failure>
  </testcase> <!-- runScenario -->
  <system-out/>
  <testcase name="runScenario" time="14.496" classname="org.example.testRunner.runners"/>
  <system-out/>
  <testcase name="runScenario" time="15.598" classname="org.example.testRunner.runners"/>
  <system-out/>
  <testcase name="runScenario" time="19.090" classname="org.example.testRunner.runners"/>
  <system-out/>
  <testcase name="runScenario" time="27.524" classname="org.example.testRunner.runners"/>
  <system-out/>
  <testcase name="runScenario" time="20.473" classname="org.example.testRunner.runners"/>
  <system-out/>
  <testcase name="runScenario" time="11.364" classname="org.example.testRunner.runners"/>
  <system-out/>
  <testcase name="runScenario" time="12.586" classname="org.example.testRunner.runners"/>
  <system-out/>
  <testcase name="runScenario" time="13.626" classname="org.example.testRunner.runners"/>
  <system-out/>
  <testcase name="runScenario" time="30.353" classname="org.example.testRunner.runners"/>
  <system-out/>
  <testcase name="runScenario" time="15.184" classname="org.example.testRunner.runners"/>
  <system-out/>
  <testcase name="runScenario" time="27.139" classname="org.example.testRunner.runners"/>
  <system-out/>
  <testcase name="runScenario" time="14.214" classname="org.example.testRunner.runners"/>
  <system-out/>
</testsuite> <!-- org.example.testRunner.runners -->
